<?xml version="1.0" encoding="UTF-8"?>
<!-- Generated by org.testng.reporters.JUnitXMLReporter -->
<testsuite hostname="Cleiton-PC" name="Default test" tests="9" failures="0" timestamp="6 Aug 2015 00:56:35 GMT" time="0.153" errors="0">
  <testcase name="arredondarValorNoSetValorUnitario" time="0.079" classname="br.com.tecsinapse.practical.modelo.TesteModelos"/>
  <testcase name="calcularValorTotalDoPedido" time="0.003" classname="br.com.tecsinapse.practical.modelo.TesteModelos"/>
  <testcase name="calcularValorUnitarioAtribuindoQuantidadePrimeiro" time="0.0" classname="br.com.tecsinapse.practical.modelo.TesteModelos"/>
  <testcase name="calcularValorUnitarioAtribuindoValorTotalPrimeiro" time="0.001" classname="br.com.tecsinapse.practical.modelo.TesteModelos"/>
  <testcase name="gerarPedidosAgrupados" time="0.0" classname="br.com.tecsinapse.practical.modelo.TesteModelos"/>
  <testcase name="testaComparaItensPeloCodigo" time="0.002" classname="br.com.tecsinapse.practical.modelo.TesteModelos"/>
  <testcase name="gerarPedidosAgrupados" time="0.002" classname="br.com.tecsinapse.practical.teste.Teste"/>
  <testcase name="gerarPedidosAgrupados" time="0.001" classname="br.com.tecsinapse.practical.teste.Teste"/>
  <testcase name="gerarPedidosAgrupados" time="0.0" classname="br.com.tecsinapse.practical.teste.Teste"/>
</testsuite> <!-- Default test -->
