<?xml version="1.0" encoding="UTF-8"?>
<testng-results skipped="0" failed="0" total="9" passed="9">
  <reporter-output>
  </reporter-output>
  <suite name="Default suite" duration-ms="153" started-at="2015-08-06T00:56:35Z" finished-at="2015-08-06T00:56:35Z">
    <groups>
    </groups>
    <test name="Default test" duration-ms="153" started-at="2015-08-06T00:56:35Z" finished-at="2015-08-06T00:56:35Z">
      <class name="br.com.tecsinapse.practical.teste.Teste">
        <test-method status="PASS" signature="gerarPedidosAgrupados(java.util.List, java.util.List)[pri:0, instance:br.com.tecsinapse.practical.teste.Teste@479d31f3]" name="gerarPedidosAgrupados" duration-ms="2" started-at="2015-08-05T21:56:35Z" data-provider="itens" finished-at="2015-08-05T21:56:35Z">
          <params>
            <param index="0">
              <value>
                <![CDATA[[br.com.tecsinapse.practical.modelo.ItemPedido@3943a2be, br.com.tecsinapse.practical.modelo.ItemPedido@343570b7]]]>
              </value>
            </param>
            <param index="1">
              <value>
                <![CDATA[[br.com.tecsinapse.practical.modelo.Pedido@157853da, br.com.tecsinapse.practical.modelo.Pedido@71c3b41]]]>
              </value>
            </param>
          </params>
          <reporter-output>
          </reporter-output>
        </test-method> <!-- gerarPedidosAgrupados -->
        <test-method status="PASS" signature="gerarPedidosAgrupados(java.util.List, java.util.List)[pri:0, instance:br.com.tecsinapse.practical.teste.Teste@479d31f3]" name="gerarPedidosAgrupados" duration-ms="1" started-at="2015-08-05T21:56:35Z" data-provider="itens" finished-at="2015-08-05T21:56:35Z">
          <params>
            <param index="0">
              <value>
                <![CDATA[[]]]>
              </value>
            </param>
            <param index="1">
              <value>
                <![CDATA[[]]]>
              </value>
            </param>
          </params>
          <reporter-output>
          </reporter-output>
        </test-method> <!-- gerarPedidosAgrupados -->
        <test-method status="PASS" signature="gerarPedidosAgrupados(java.util.List, java.util.List)[pri:0, instance:br.com.tecsinapse.practical.teste.Teste@479d31f3]" name="gerarPedidosAgrupados" duration-ms="0" started-at="2015-08-05T21:56:35Z" data-provider="itens" finished-at="2015-08-05T21:56:35Z">
          <params>
            <param index="0">
              <value>
                <![CDATA[[br.com.tecsinapse.practical.modelo.ItemPedido@3943a2be, br.com.tecsinapse.practical.modelo.ItemPedido@4f67eb2a, br.com.tecsinapse.practical.modelo.ItemPedido@4a668b6e]]]>
              </value>
            </param>
            <param index="1">
              <value>
                <![CDATA[[br.com.tecsinapse.practical.modelo.Pedido@5f683daf]]]>
              </value>
            </param>
          </params>
          <reporter-output>
          </reporter-output>
        </test-method> <!-- gerarPedidosAgrupados -->
      </class> <!-- br.com.tecsinapse.practical.teste.Teste -->
      <class name="br.com.tecsinapse.practical.modelo.TesteModelos">
        <test-method status="PASS" signature="arredondarValorNoSetValorUnitario()[pri:0, instance:br.com.tecsinapse.practical.modelo.TesteModelos@359f7cdf]" name="arredondarValorNoSetValorUnitario" duration-ms="79" started-at="2015-08-05T21:56:35Z" finished-at="2015-08-05T21:56:35Z">
          <reporter-output>
          </reporter-output>
        </test-method> <!-- arredondarValorNoSetValorUnitario -->
        <test-method status="PASS" signature="calcularValorTotalDoPedido()[pri:0, instance:br.com.tecsinapse.practical.modelo.TesteModelos@359f7cdf]" name="calcularValorTotalDoPedido" duration-ms="3" started-at="2015-08-05T21:56:35Z" finished-at="2015-08-05T21:56:35Z">
          <reporter-output>
          </reporter-output>
        </test-method> <!-- calcularValorTotalDoPedido -->
        <test-method status="PASS" signature="calcularValorUnitarioAtribuindoQuantidadePrimeiro()[pri:0, instance:br.com.tecsinapse.practical.modelo.TesteModelos@359f7cdf]" name="calcularValorUnitarioAtribuindoQuantidadePrimeiro" duration-ms="0" started-at="2015-08-05T21:56:35Z" finished-at="2015-08-05T21:56:35Z">
          <reporter-output>
          </reporter-output>
        </test-method> <!-- calcularValorUnitarioAtribuindoQuantidadePrimeiro -->
        <test-method status="PASS" signature="calcularValorUnitarioAtribuindoValorTotalPrimeiro()[pri:0, instance:br.com.tecsinapse.practical.modelo.TesteModelos@359f7cdf]" name="calcularValorUnitarioAtribuindoValorTotalPrimeiro" duration-ms="1" started-at="2015-08-05T21:56:35Z" finished-at="2015-08-05T21:56:35Z">
          <reporter-output>
          </reporter-output>
        </test-method> <!-- calcularValorUnitarioAtribuindoValorTotalPrimeiro -->
        <test-method status="PASS" signature="gerarPedidosAgrupados()[pri:0, instance:br.com.tecsinapse.practical.modelo.TesteModelos@359f7cdf]" name="gerarPedidosAgrupados" duration-ms="0" started-at="2015-08-05T21:56:35Z" finished-at="2015-08-05T21:56:35Z">
          <reporter-output>
          </reporter-output>
        </test-method> <!-- gerarPedidosAgrupados -->
        <test-method status="PASS" signature="testaComparaItensPeloCodigo()[pri:0, instance:br.com.tecsinapse.practical.modelo.TesteModelos@359f7cdf]" name="testaComparaItensPeloCodigo" duration-ms="2" started-at="2015-08-05T21:56:35Z" finished-at="2015-08-05T21:56:35Z">
          <reporter-output>
          </reporter-output>
        </test-method> <!-- testaComparaItensPeloCodigo -->
      </class> <!-- br.com.tecsinapse.practical.modelo.TesteModelos -->
    </test> <!-- Default test -->
  </suite> <!-- Default suite -->
</testng-results>
